#
# There is insufficient memory for the Java Runtime Environment to continue.
# Native memory allocation (malloc) failed to allocate 124256256 bytes for committing reserved memory.
# Possible reasons:
#   The system is out of physical RAM or swap space
#   In 32 bit mode, the process size limit was hit
# Possible solutions:
#   Reduce memory load on the system
#   Increase physical memory or swap space
#   Check if swap backing store is full
#   Use 64 bit Java on a 64 bit OS
#   Decrease Java heap size (-Xmx/-Xms)
#   Decrease number of Java threads
#   Decrease Java thread stack sizes (-Xss)
#   Set larger code cache with -XX:ReservedCodeCacheSize=
# This output file may be truncated or incomplete.
#
#  Out of Memory Error (os_linux.cpp:2756), pid=12548, tid=140494928414464
#
# JRE version: Java(TM) SE Runtime Environment (7.0_80-b15) (build 1.7.0_80-b15)
# Java VM: Java HotSpot(TM) 64-Bit Server VM (24.80-b11 mixed mode linux-amd64 compressed oops)
# Failed to write core dump. Core dumps have been disabled. To enable core dumping, try "ulimit -c unlimited" before starting Java again
#

---------------  T H R E A D  ---------------

Current thread (0x00007fc78c069800):  VMThread [stack: 0x00007fc7863d0000,0x00007fc7864d1000] [id=12558]

Stack: [0x00007fc7863d0000,0x00007fc7864d1000],  sp=0x00007fc7864cf340,  free space=1020k
Native frames: (J=compiled Java code, j=interpreted, Vv=VM code, C=native code)
V  [libjvm.so+0x9a320a]  VMError::report_and_die()+0x2ea
V  [libjvm.so+0x498d3b]  report_vm_out_of_memory(char const*, int, unsigned long, char const*)+0x9b
V  [libjvm.so+0x82191e]  os::Linux::commit_memory_impl(char*, unsigned long, bool)+0xfe
V  [libjvm.so+0x821e69]  os::pd_commit_memory(char*, unsigned long, unsigned long, bool)+0x29
V  [libjvm.so+0x81bb6a]  os::commit_memory(char*, unsigned long, unsigned long, bool)+0x2a
V  [libjvm.so+0x88d623]  PSVirtualSpace::expand_by(unsigned long)+0x53
V  [libjvm.so+0x88e9f8]  PSYoungGen::resize_generation(unsigned long, unsigned long)+0xf8
V  [libjvm.so+0x88db62]  PSYoungGen::resize(unsigned long, unsigned long)+0x22
V  [libjvm.so+0x88af1d]  PSScavenge::invoke_no_policy()+0xf3d
V  [libjvm.so+0x88b761]  PSScavenge::invoke()+0x41
V  [libjvm.so+0x843f40]  ParallelScavengeHeap::failed_mem_allocate(unsigned long)+0x70
V  [libjvm.so+0x9a4a97]  VM_ParallelGCFailedAllocation::doit()+0x97
V  [libjvm.so+0x9abf35]  VM_Operation::evaluate()+0x55
V  [libjvm.so+0x9aa2fa]  VMThread::evaluate_operation(VM_Operation*)+0xba
V  [libjvm.so+0x9aa67e]  VMThread::loop()+0x1ce
V  [libjvm.so+0x9aaaf0]  VMThread::run()+0x70
V  [libjvm.so+0x8238c8]  java_start(Thread*)+0x108

VM_Operation (0x00007fc793fae500): ParallelGCFailedAllocation, mode: safepoint, requested by thread 0x00007fc78c009800


---------------  P R O C E S S  ---------------

Java Threads: ( => current thread )
  0x00007fc73c011000 JavaThread "TimerQueue" daemon [_thread_blocked, id=12579, stack(0x00007fc77eab4000,0x00007fc77ebb5000)]
  0x00007fc78c195800 JavaThread "AWT-XAWT" daemon [_thread_in_native, id=12569, stack(0x00007fc77faef000,0x00007fc77fbf0000)]
  0x00007fc78c178000 JavaThread "Java2D Disposer" daemon [_thread_blocked, id=12568, stack(0x00007fc7840fb000,0x00007fc7841fc000)]
  0x00007fc78c098800 JavaThread "Service Thread" daemon [_thread_blocked, id=12565, stack(0x00007fc7859cb000,0x00007fc785acc000)]
  0x00007fc78c096000 JavaThread "C2 CompilerThread1" daemon [_thread_blocked, id=12564, stack(0x00007fc785acc000,0x00007fc785bcd000)]
  0x00007fc78c093000 JavaThread "C2 CompilerThread0" daemon [_thread_blocked, id=12563, stack(0x00007fc785bcd000,0x00007fc785cce000)]
  0x00007fc78c091000 JavaThread "Signal Dispatcher" daemon [_thread_blocked, id=12562, stack(0x00007fc785cce000,0x00007fc785dcf000)]
  0x00007fc78c070000 JavaThread "Finalizer" daemon [_thread_blocked, id=12561, stack(0x00007fc7861ce000,0x00007fc7862cf000)]
  0x00007fc78c06e000 JavaThread "Reference Handler" daemon [_thread_blocked, id=12559, stack(0x00007fc7862cf000,0x00007fc7863d0000)]
  0x00007fc78c009800 JavaThread "main" [_thread_blocked, id=12553, stack(0x00007fc793eaf000,0x00007fc793fb0000)]

Other Threads:
=>0x00007fc78c069800 VMThread [stack: 0x00007fc7863d0000,0x00007fc7864d1000] [id=12558]
  0x00007fc78c0a3000 WatcherThread [stack: 0x00007fc7858ca000,0x00007fc7859cb000] [id=12566]

VM state:at safepoint (normal execution)

VM Mutex/Monitor currently owned by a thread:  ([mutex/lock_event])
[0x00007fc78c006020] Threads_lock - owner thread: 0x00007fc78c069800
[0x00007fc78c006520] Heap_lock - owner thread: 0x00007fc78c009800

Heap
 PSYoungGen      total 200192K, used 4608K [0x00000000ec080000, 0x00000000f8980000, 0x0000000100000000)
  eden space 195584K, 0% used [0x00000000ec080000,0x00000000ec080000,0x00000000f7f80000)
  from space 4608K, 100% used [0x00000000f7f80000,0x00000000f8400000,0x00000000f8400000)
  to   space 3584K, 0% used [0x00000000f8400000,0x00000000f8400000,0x00000000f8780000)
 ParOldGen       total 40448K, used 10934K [0x00000000c4200000, 0x00000000c6980000, 0x00000000ec080000)
  object space 40448K, 27% used [0x00000000c4200000,0x00000000c4cad938,0x00000000c6980000)
 PSPermGen       total 21504K, used 13009K [0x00000000bf000000, 0x00000000c0500000, 0x00000000c4200000)
  object space 21504K, 60% used [0x00000000bf000000,0x00000000bfcb4530,0x00000000c0500000)

Card table byte_map: [0x00007fc790f91000,0x00007fc79119a000] byte_map_base: 0x00007fc790999000

Polling page: 0x00007fc793fca000

Code Cache  [0x00007fc789000000, 0x00007fc789270000, 0x00007fc78c000000)
 total_blobs=697 nmethods=222 adapters=428 free_code_cache=48169Kb largest_free_block=49296640

Compilation events (10 events):
Event: 16,078 Thread 0x00007fc78c096000  223             sun.nio.cs.UTF_8$Decoder::malformed (29 bytes)
Event: 16,078 Thread 0x00007fc78c093000  222             java.lang.Integer::equals (29 bytes)
Event: 16,082 Thread 0x00007fc78c093000 nmethod 222 0x00007fc7890e3650 code [0x00007fc7890e37a0, 0x00007fc7890e3858]
Event: 16,082 Thread 0x00007fc78c093000  224             sun.nio.cs.UTF_8$Decoder::malformedN (255 bytes)
Event: 16,307 Thread 0x00007fc78c093000 nmethod 224 0x00007fc7890f7590 code [0x00007fc7890f7900, 0x00007fc7890f9558]
Event: 16,307 Thread 0x00007fc78c093000  225             java.nio.charset.CoderResult::malformedForLength (8 bytes)
Event: 16,319 Thread 0x00007fc78c093000 nmethod 225 0x00007fc7890e5e90 code [0x00007fc7890e6020, 0x00007fc7890e6518]
Event: 16,319 Thread 0x00007fc78c093000  226             java.nio.charset.CoderResult$Cache::access$200 (6 bytes)
Event: 16,330 Thread 0x00007fc78c093000 nmethod 226 0x00007fc7890f4cd0 code [0x00007fc7890f4e60, 0x00007fc7890f52f8]
Event: 16,330 Thread 0x00007fc78c093000  227  s          java.nio.charset.CoderResult$Cache::get (109 bytes)

GC Heap History (10 events):
Event: 12,145 GC heap after
Heap after GC invocations=6 (full 0):
 PSYoungGen      total 65024K, used 2960K [0x00000000ec080000, 0x00000000f0380000, 0x0000000100000000)
  eden space 61440K, 0% used [0x00000000ec080000,0x00000000ec080000,0x00000000efc80000)
  from space 3584K, 82% used [0x00000000f0000000,0x00000000f02e4030,0x00000000f0380000)
  to   space 3584K, 0% used [0x00000000efc80000,0x00000000efc80000,0x00000000f0000000)
 ParOldGen       total 40448K, used 945K [0x00000000c4200000, 0x00000000c6980000, 0x00000000ec080000)
  object space 40448K, 2% used [0x00000000c4200000,0x00000000c42ec4d8,0x00000000c6980000)
 PSPermGen       total 21504K, used 12997K [0x00000000bf000000, 0x00000000c0500000, 0x00000000c4200000)
  object space 21504K, 60% used [0x00000000bf000000,0x00000000bfcb15e8,0x00000000c0500000)
}
Event: 12,548 GC heap before
{Heap before GC invocations=7 (full 0):
 PSYoungGen      total 65024K, used 64400K [0x00000000ec080000, 0x00000000f0380000, 0x0000000100000000)
  eden space 61440K, 100% used [0x00000000ec080000,0x00000000efc80000,0x00000000efc80000)
  from space 3584K, 82% used [0x00000000f0000000,0x00000000f02e4030,0x00000000f0380000)
  to   space 3584K, 0% used [0x00000000efc80000,0x00000000efc80000,0x00000000f0000000)
 ParOldGen       total 40448K, used 945K [0x00000000c4200000, 0x00000000c6980000, 0x00000000ec080000)
  object space 40448K, 2% used [0x00000000c4200000,0x00000000c42ec4d8,0x00000000c6980000)
 PSPermGen       total 21504K, used 12997K [0x00000000bf000000, 0x00000000c0500000, 0x00000000c4200000)
  object space 21504K, 60% used [0x00000000bf000000,0x00000000bfcb17b0,0x00000000c0500000)
Event: 12,571 GC heap after
Heap after GC invocations=7 (full 0):
 PSYoungGen      total 65024K, used 1760K [0x00000000ec080000, 0x00000000f3f80000, 0x0000000100000000)
  eden space 61440K, 0% used [0x00000000ec080000,0x00000000ec080000,0x00000000efc80000)
  from space 3584K, 49% used [0x00000000efc80000,0x00000000efe38000,0x00000000f0000000)
  to   space 3584K, 0% used [0x00000000f3c00000,0x00000000f3c00000,0x00000000f3f80000)
 ParOldGen       total 40448K, used 2838K [0x00000000c4200000, 0x00000000c6980000, 0x00000000ec080000)
  object space 40448K, 7% used [0x00000000c4200000,0x00000000c44c5938,0x00000000c6980000)
 PSPermGen       total 21504K, used 12997K [0x00000000bf000000, 0x00000000c0500000, 0x00000000c4200000)
  object space 21504K, 60% used [0x00000000bf000000,0x00000000bfcb17b0,0x00000000c0500000)
}
Event: 12,900 GC heap before
{Heap before GC invocations=8 (full 0):
 PSYoungGen      total 65024K, used 63200K [0x00000000ec080000, 0x00000000f3f80000, 0x0000000100000000)
  eden space 61440K, 100% used [0x00000000ec080000,0x00000000efc80000,0x00000000efc80000)
  from space 3584K, 49% used [0x00000000efc80000,0x00000000efe38000,0x00000000f0000000)
  to   space 3584K, 0% used [0x00000000f3c00000,0x00000000f3c00000,0x00000000f3f80000)
 ParOldGen       total 40448K, used 2838K [0x00000000c4200000, 0x00000000c6980000, 0x00000000ec080000)
  object space 40448K, 7% used [0x00000000c4200000,0x00000000c44c5938,0x00000000c6980000)
 PSPermGen       total 21504K, used 12997K [0x00000000bf000000, 0x00000000c0500000, 0x00000000c4200000)
  object space 21504K, 60% used [0x00000000bf000000,0x00000000bfcb17b0,0x00000000c0500000)
Event: 12,956 GC heap after
Heap after GC invocations=8 (full 0):
 PSYoungGen      total 126464K, used 1792K [0x00000000ec080000, 0x00000000f3f80000, 0x0000000100000000)
  eden space 122880K, 0% used [0x00000000ec080000,0x00000000ec080000,0x00000000f3880000)
  from space 3584K, 50% used [0x00000000f3c00000,0x00000000f3dc0000,0x00000000f3f80000)
  to   space 3584K, 0% used [0x00000000f3880000,0x00000000f3880000,0x00000000f3c00000)
 ParOldGen       total 40448K, used 3222K [0x00000000c4200000, 0x00000000c6980000, 0x00000000ec080000)
  object space 40448K, 7% used [0x00000000c4200000,0x00000000c4525938,0x00000000c6980000)
 PSPermGen       total 21504K, used 12997K [0x00000000bf000000, 0x00000000c0500000, 0x00000000c4200000)
  object space 21504K, 60% used [0x00000000bf000000,0x00000000bfcb17b0,0x00000000c0500000)
}
Event: 14,047 GC heap before
{Heap before GC invocations=9 (full 0):
 PSYoungGen      total 126464K, used 124672K [0x00000000ec080000, 0x00000000f3f80000, 0x0000000100000000)
  eden space 122880K, 100% used [0x00000000ec080000,0x00000000f3880000,0x00000000f3880000)
  from space 3584K, 50% used [0x00000000f3c00000,0x00000000f3dc0000,0x00000000f3f80000)
  to   space 3584K, 0% used [0x00000000f3880000,0x00000000f3880000,0x00000000f3c00000)
 ParOldGen       total 40448K, used 3222K [0x00000000c4200000, 0x00000000c6980000, 0x00000000ec080000)
  object space 40448K, 7% used [0x00000000c4200000,0x00000000c4525938,0x00000000c6980000)
 PSPermGen       total 21504K, used 12998K [0x00000000bf000000, 0x00000000c0500000, 0x00000000c4200000)
  object space 21504K, 60% used [0x00000000bf000000,0x00000000bfcb1998,0x00000000c0500000)
Event: 14,086 GC heap after
Heap after GC invocations=9 (full 0):
 PSYoungGen      total 126464K, used 2736K [0x00000000ec080000, 0x00000000f8780000, 0x0000000100000000)
  eden space 122880K, 0% used [0x00000000ec080000,0x00000000ec080000,0x00000000f3880000)
  from space 3584K, 76% used [0x00000000f3880000,0x00000000f3b2c010,0x00000000f3c00000)
  to   space 3584K, 0% used [0x00000000f8400000,0x00000000f8400000,0x00000000f8780000)
 ParOldGen       total 40448K, used 3854K [0x00000000c4200000, 0x00000000c6980000, 0x00000000ec080000)
  object space 40448K, 9% used [0x00000000c4200000,0x00000000c45c3938,0x00000000c6980000)
 PSPermGen       total 21504K, used 12998K [0x00000000bf000000, 0x00000000c0500000, 0x00000000c4200000)
  object space 21504K, 60% used [0x00000000bf000000,0x00000000bfcb1998,0x00000000c0500000)
}
Event: 14,757 GC heap before
{Heap before GC invocations=10 (full 0):
 PSYoungGen      total 126464K, used 125616K [0x00000000ec080000, 0x00000000f8780000, 0x0000000100000000)
  eden space 122880K, 100% used [0x00000000ec080000,0x00000000f3880000,0x00000000f3880000)
  from space 3584K, 76% used [0x00000000f3880000,0x00000000f3b2c010,0x00000000f3c00000)
  to   space 3584K, 0% used [0x00000000f8400000,0x00000000f8400000,0x00000000f8780000)
 ParOldGen       total 40448K, used 3854K [0x00000000c4200000, 0x00000000c6980000, 0x00000000ec080000)
  object space 40448K, 9% used [0x00000000c4200000,0x00000000c45c3938,0x00000000c6980000)
 PSPermGen       total 21504K, used 12999K [0x00000000bf000000, 0x00000000c0500000, 0x00000000c4200000)
  object space 21504K, 60% used [0x00000000bf000000,0x00000000bfcb1c10,0x00000000c0500000)
Event: 14,796 GC heap after
Heap after GC invocations=10 (full 0):
 PSYoungGen      total 199168K, used 3584K [0x00000000ec080000, 0x00000000f8980000, 0x0000000100000000)
  eden space 195584K, 0% used [0x00000000ec080000,0x00000000ec080000,0x00000000f7f80000)
  from space 3584K, 100% used [0x00000000f8400000,0x00000000f8780000,0x00000000f8780000)
  to   space 4608K, 0% used [0x00000000f7f80000,0x00000000f7f80000,0x00000000f8400000)
 ParOldGen       total 40448K, used 6054K [0x00000000c4200000, 0x00000000c6980000, 0x00000000ec080000)
  object space 40448K, 14% used [0x00000000c4200000,0x00000000c47e9938,0x00000000c6980000)
 PSPermGen       total 21504K, used 12999K [0x00000000bf000000, 0x00000000c0500000, 0x00000000c4200000)
  object space 21504K, 60% used [0x00000000bf000000,0x00000000bfcb1c10,0x00000000c0500000)
}
Event: 16,341 GC heap before
{Heap before GC invocations=11 (full 0):
 PSYoungGen      total 199168K, used 199168K [0x00000000ec080000, 0x00000000f8980000, 0x0000000100000000)
  eden space 195584K, 100% used [0x00000000ec080000,0x00000000f7f80000,0x00000000f7f80000)
  from space 3584K, 100% used [0x00000000f8400000,0x00000000f8780000,0x00000000f8780000)
  to   space 4608K, 0% used [0x00000000f7f80000,0x00000000f7f80000,0x00000000f8400000)
 ParOldGen       total 40448K, used 6054K [0x00000000c4200000, 0x00000000c6980000, 0x00000000ec080000)
  object space 40448K, 14% used [0x00000000c4200000,0x00000000c47e9938,0x00000000c6980000)
 PSPermGen       total 21504K, used 13009K [0x00000000bf000000, 0x00000000c0500000, 0x00000000c4200000)
  object space 21504K, 60% used [0x00000000bf000000,0x00000000bfcb4530,0x00000000c0500000)

Deoptimization events (10 events):
Event: 11,294 Thread 0x00007fc78c009800 Uncommon trap: reason=array_check action=maybe_recompile pc=0x00007fc7890c74dc method=java.util.AbstractCollection.toArray([Ljava/lang/Object;)[Ljava/lang/Object; @ 119
Event: 11,294 Thread 0x00007fc78c009800 Uncommon trap: reason=array_check action=maybe_recompile pc=0x00007fc7890c74dc method=java.util.AbstractCollection.toArray([Ljava/lang/Object;)[Ljava/lang/Object; @ 119
Event: 11,294 Thread 0x00007fc78c009800 Uncommon trap: reason=array_check action=maybe_recompile pc=0x00007fc7890c74dc method=java.util.AbstractCollection.toArray([Ljava/lang/Object;)[Ljava/lang/Object; @ 119
Event: 13,512 Thread 0x00007fc78c009800 Uncommon trap: reason=unstable_if action=reinterpret pc=0x00007fc7890c3e44 method=java.io.BufferedReader.readLine(Z)Ljava/lang/String; @ 55
Event: 13,512 Thread 0x00007fc78c009800 Uncommon trap: reason=unstable_if action=reinterpret pc=0x00007fc7890df390 method=handleFiles.readFilesOnTREAP([Ljava/io/File;)V @ 75
Event: 13,513 Thread 0x00007fc78c009800 Uncommon trap: reason=unstable_if action=reinterpret pc=0x00007fc7890c2c24 method=TREAP.search(LTNode;Ljava/lang/String;)Z @ 1
Event: 13,591 Thread 0x00007fc78c009800 Uncommon trap: reason=unstable_if action=reinterpret pc=0x00007fc7890d652c method=java.lang.String.split(Ljava/lang/String;I)[Ljava/lang/String; @ 263
Event: 14,092 Thread 0x00007fc78c009800 Uncommon trap: reason=unstable_if action=reinterpret pc=0x00007fc7890b9248 method=java.util.regex.Pattern$BitClass.isSatisfiedBy(I)Z @ 13
Event: 15,818 Thread 0x00007fc78c009800 Uncommon trap: reason=unstable_if action=reinterpret pc=0x00007fc7890defac method=sun.nio.cs.UTF_8$Decoder.isMalformed3(III)Z @ 25
Event: 16,283 Thread 0x00007fc78c009800 Uncommon trap: reason=unstable_if action=reinterpret pc=0x00007fc7890e4118 method=java.nio.charset.CharsetDecoder.decode(Ljava/nio/ByteBuffer;Ljava/nio/CharBuffer;Z)Ljava/nio/charset/CoderResult; @ 15

Internal exceptions (10 events):
Event: 0,297 Thread 0x00007fc78c009800 Threw 0x00000000ec10dfd8 at /HUDSON/workspace/7u-2-build-linux-amd64/jdk7u80/2329/hotspot/src/share/vm/prims/jni.cpp:717
Event: 0,297 Thread 0x00007fc78c009800 Threw 0x00000000ec10e8e0 at /HUDSON/workspace/7u-2-build-linux-amd64/jdk7u80/2329/hotspot/src/share/vm/prims/jni.cpp:717
Event: 0,459 Thread 0x00007fc78c009800 Threw 0x00000000ec1d6af0 at /HUDSON/workspace/7u-2-build-linux-amd64/jdk7u80/2329/hotspot/src/share/vm/prims/jvm.cpp:1319
Event: 0,459 Thread 0x00007fc78c009800 Threw 0x00000000ec1d7dc8 at /HUDSON/workspace/7u-2-build-linux-amd64/jdk7u80/2329/hotspot/src/share/vm/prims/jvm.cpp:1319
Event: 0,462 Thread 0x00007fc78c009800 Threw 0x00000000ec1dd808 at /HUDSON/workspace/7u-2-build-linux-amd64/jdk7u80/2329/hotspot/src/share/vm/prims/jvm.cpp:1319
Event: 0,463 Thread 0x00007fc78c009800 Threw 0x00000000ec1deae0 at /HUDSON/workspace/7u-2-build-linux-amd64/jdk7u80/2329/hotspot/src/share/vm/prims/jvm.cpp:1319
Event: 1,456 Thread 0x00007fc78c209000 Threw 0x00000000ec3333a0 at /HUDSON/workspace/7u-2-build-linux-amd64/jdk7u80/2329/hotspot/src/share/vm/prims/jni.cpp:743
Event: 10,738 Thread 0x00007fc78c009800 Threw 0x00000000ec577208 at /HUDSON/workspace/7u-2-build-linux-amd64/jdk7u80/2329/hotspot/src/share/vm/prims/jvm.cpp:1319
Event: 10,740 Thread 0x00007fc78c009800 Threw 0x00000000ec580e58 at /HUDSON/workspace/7u-2-build-linux-amd64/jdk7u80/2329/hotspot/src/share/vm/prims/jvm.cpp:1319
Event: 10,752 Thread 0x00007fc78c009800 Threw 0x00000000ec585268 at /HUDSON/workspace/7u-2-build-linux-amd64/jdk7u80/2329/hotspot/src/share/vm/prims/jvm.cpp:1319

Events (10 events):
Event: 14,799 Executing VM operation: RevokeBias done
Event: 14,799 Executing VM operation: RevokeBias
Event: 14,799 Executing VM operation: RevokeBias done
Event: 15,818 Thread 0x00007fc78c009800 Uncommon trap: trap_request=0xffffff75 fr.pc=0x00007fc7890defac
Event: 15,818 Thread 0x00007fc78c009800 DEOPT PACKING pc=0x00007fc7890defac sp=0x00007fc793fae400
Event: 15,818 Thread 0x00007fc78c009800 DEOPT UNPACKING pc=0x00007fc789039045 sp=0x00007fc793fae3a8 mode 2
Event: 16,283 Thread 0x00007fc78c009800 Uncommon trap: trap_request=0xffffff75 fr.pc=0x00007fc7890e4118
Event: 16,283 Thread 0x00007fc78c009800 DEOPT PACKING pc=0x00007fc7890e4118 sp=0x00007fc793fae520
Event: 16,283 Thread 0x00007fc78c009800 DEOPT UNPACKING pc=0x00007fc789039045 sp=0x00007fc793fae520 mode 2
Event: 16,341 Executing VM operation: ParallelGCFailedAllocation


Dynamic libraries:
00400000-00401000 r-xp 00000000 08:01 3802817                            /usr/lib/jvm/java-7-oracle/bin/java
00600000-00601000 rw-p 00000000 08:01 3802817                            /usr/lib/jvm/java-7-oracle/bin/java
0236d000-0238e000 rw-p 00000000 00:00 0                                  [heap]
bf000000-c0500000 rw-p 00000000 00:00 0 
c0500000-c4200000 rw-p 00000000 00:00 0 
c4200000-c6980000 rw-p 00000000 00:00 0 
c6980000-ec080000 rw-p 00000000 00:00 0 
ec080000-f8980000 rw-p 00000000 00:00 0 
7fc730000000-7fc730021000 rw-p 00000000 00:00 0 
7fc730021000-7fc734000000 ---p 00000000 00:00 0 
7fc734000000-7fc734021000 rw-p 00000000 00:00 0 
7fc734021000-7fc738000000 ---p 00000000 00:00 0 
7fc738000000-7fc738021000 rw-p 00000000 00:00 0 
7fc738021000-7fc73c000000 ---p 00000000 00:00 0 
7fc73c000000-7fc73c040000 rw-p 00000000 00:00 0 
7fc73c040000-7fc740000000 ---p 00000000 00:00 0 
7fc740000000-7fc740021000 rw-p 00000000 00:00 0 
7fc740021000-7fc744000000 ---p 00000000 00:00 0 
7fc744000000-7fc744021000 rw-p 00000000 00:00 0 
7fc744021000-7fc748000000 ---p 00000000 00:00 0 
7fc748000000-7fc748021000 rw-p 00000000 00:00 0 
7fc748021000-7fc74c000000 ---p 00000000 00:00 0 
7fc74c000000-7fc74c021000 rw-p 00000000 00:00 0 
7fc74c021000-7fc750000000 ---p 00000000 00:00 0 
7fc750000000-7fc7505e9000 rw-p 00000000 00:00 0 
7fc7505e9000-7fc754000000 ---p 00000000 00:00 0 
7fc754000000-7fc754021000 rw-p 00000000 00:00 0 
7fc754021000-7fc758000000 ---p 00000000 00:00 0 
7fc758000000-7fc758021000 rw-p 00000000 00:00 0 
7fc758021000-7fc75c000000 ---p 00000000 00:00 0 
7fc75c000000-7fc75c5b7000 rw-p 00000000 00:00 0 
7fc75c5b7000-7fc760000000 ---p 00000000 00:00 0 
7fc760000000-7fc760021000 rw-p 00000000 00:00 0 
7fc760021000-7fc764000000 ---p 00000000 00:00 0 
7fc764000000-7fc764021000 rw-p 00000000 00:00 0 
7fc764021000-7fc768000000 ---p 00000000 00:00 0 
7fc768000000-7fc768021000 rw-p 00000000 00:00 0 
7fc768021000-7fc76c000000 ---p 00000000 00:00 0 
7fc770000000-7fc770021000 rw-p 00000000 00:00 0 
7fc770021000-7fc774000000 ---p 00000000 00:00 0 
7fc774000000-7fc774021000 rw-p 00000000 00:00 0 
7fc774021000-7fc778000000 ---p 00000000 00:00 0 
7fc778000000-7fc778021000 rw-p 00000000 00:00 0 
7fc778021000-7fc77c000000 ---p 00000000 00:00 0 
7fc77e86b000-7fc77eab4000 rw-p 00000000 00:00 0 
7fc77eab4000-7fc77eab7000 ---p 00000000 00:00 0 
7fc77eab7000-7fc77ebb5000 rw-p 00000000 00:00 0                          [stack:12579]
7fc77ebb5000-7fc77ebb8000 ---p 00000000 00:00 0 
7fc77ebb8000-7fc77ecb6000 rw-p 00000000 00:00 0 
7fc77ecb6000-7fc77ed1f000 r-xp 00000000 08:01 3940183                    /usr/lib/jvm/java-7-oracle/jre/lib/amd64/libt2k.so
7fc77ed1f000-7fc77ef1e000 ---p 00069000 08:01 3940183                    /usr/lib/jvm/java-7-oracle/jre/lib/amd64/libt2k.so
7fc77ef1e000-7fc77ef25000 rw-p 00068000 08:01 3940183                    /usr/lib/jvm/java-7-oracle/jre/lib/amd64/libt2k.so
7fc77ef25000-7fc77ef35000 rw-p 00000000 00:00 0 
7fc77ef35000-7fc77ef45000 r-xp 00000000 08:01 3940197                    /usr/lib/jvm/java-7-oracle/jre/lib/amd64/libnio.so
7fc77ef45000-7fc77f145000 ---p 00010000 08:01 3940197                    /usr/lib/jvm/java-7-oracle/jre/lib/amd64/libnio.so
7fc77f145000-7fc77f146000 rw-p 00010000 08:01 3940197                    /usr/lib/jvm/java-7-oracle/jre/lib/amd64/libnio.so
7fc77f146000-7fc77f15d000 r-xp 00000000 08:01 3940166                    /usr/lib/jvm/java-7-oracle/jre/lib/amd64/libnet.so
7fc77f15d000-7fc77f35c000 ---p 00017000 08:01 3940166                    /usr/lib/jvm/java-7-oracle/jre/lib/amd64/libnet.so
7fc77f35c000-7fc77f35d000 rw-p 00016000 08:01 3940166                    /usr/lib/jvm/java-7-oracle/jre/lib/amd64/libnet.so
7fc77f35d000-7fc77f373000 r-xp 00000000 08:01 397316                     /lib/x86_64-linux-gnu/libgcc_s.so.1
7fc77f373000-7fc77f572000 ---p 00016000 08:01 397316                     /lib/x86_64-linux-gnu/libgcc_s.so.1
7fc77f572000-7fc77f573000 rw-p 00015000 08:01 397316                     /lib/x86_64-linux-gnu/libgcc_s.so.1
7fc77f573000-7fc77f5d8000 r-xp 00000000 08:01 3940163                    /usr/lib/jvm/java-7-oracle/jre/lib/amd64/libfontmanager.so
7fc77f5d8000-7fc77f7d7000 ---p 00065000 08:01 3940163                    /usr/lib/jvm/java-7-oracle/jre/lib/amd64/libfontmanager.so
7fc77f7d7000-7fc77f7dc000 rw-p 00064000 08:01 3940163                    /usr/lib/jvm/java-7-oracle/jre/lib/amd64/libfontmanager.so
7fc77f7dc000-7fc77f7ec000 rw-p 00000000 00:00 0 
7fc77f7ec000-7fc77f7ef000 ---p 00000000 00:00 0 
7fc77f7ef000-7fc77f8ed000 rw-p 00000000 00:00 0 
7fc77f8ed000-7fc77f8f0000 ---p 00000000 00:00 0 
7fc77f8f0000-7fc77f9ee000 rw-p 00000000 00:00 0 
7fc77f9ee000-7fc77f9f1000 ---p 00000000 00:00 0 
7fc77f9f1000-7fc77faef000 rw-p 00000000 00:00 0 
7fc77faef000-7fc77faf2000 ---p 00000000 00:00 0 
7fc77faf2000-7fc77fbf0000 rw-p 00000000 00:00 0                          [stack:12569]
7fc77fbf0000-7fc77fbf5000 r-xp 00000000 08:01 3809393                    /usr/lib/x86_64-linux-gnu/libXfixes.so.3.1.0
7fc77fbf5000-7fc77fdf4000 ---p 00005000 08:01 3809393                    /usr/lib/x86_64-linux-gnu/libXfixes.so.3.1.0
7fc77fdf4000-7fc77fdf5000 r--p 00004000 08:01 3809393                    /usr/lib/x86_64-linux-gnu/libXfixes.so.3.1.0
7fc77fdf5000-7fc77fdf6000 rw-p 00005000 08:01 3809393                    /usr/lib/x86_64-linux-gnu/libXfixes.so.3.1.0
7fc77fdf6000-7fc77fdff000 r-xp 00000000 08:01 3809388                    /usr/lib/x86_64-linux-gnu/libXcursor.so.1.0.2
7fc77fdff000-7fc77fffe000 ---p 00009000 08:01 3809388                    /usr/lib/x86_64-linux-gnu/libXcursor.so.1.0.2
7fc77fffe000-7fc77ffff000 r--p 00008000 08:01 3809388                    /usr/lib/x86_64-linux-gnu/libXcursor.so.1.0.2
7fc77ffff000-7fc780000000 rw-p 00009000 08:01 3809388                    /usr/lib/x86_64-linux-gnu/libXcursor.so.1.0.2
7fc780000000-7fc780021000 rw-p 00000000 00:00 0 
7fc780021000-7fc784000000 ---p 00000000 00:00 0 
7fc7840ca000-7fc7840fb000 rw-p 00000000 00:00 0 
7fc7840fb000-7fc7840fe000 ---p 00000000 00:00 0 
7fc7840fe000-7fc7841fc000 rw-p 00000000 00:00 0                          [stack:12568]
7fc7841fc000-7fc784201000 r-xp 00000000 08:01 3809392                    /usr/lib/x86_64-linux-gnu/libXdmcp.so.6.0.0
7fc784201000-7fc784400000 ---p 00005000 08:01 3809392                    /usr/lib/x86_64-linux-gnu/libXdmcp.so.6.0.0
7fc784400000-7fc784401000 r--p 00004000 08:01 3809392                    /usr/lib/x86_64-linux-gnu/libXdmcp.so.6.0.0
7fc784401000-7fc784402000 rw-p 00005000 08:01 3809392                    /usr/lib/x86_64-linux-gnu/libXdmcp.so.6.0.0
7fc784402000-7fc784404000 r-xp 00000000 08:01 3809381                    /usr/lib/x86_64-linux-gnu/libXau.so.6.0.0
7fc784404000-7fc784604000 ---p 00002000 08:01 3809381                    /usr/lib/x86_64-linux-gnu/libXau.so.6.0.0
7fc784604000-7fc784605000 r--p 00002000 08:01 3809381                    /usr/lib/x86_64-linux-gnu/libXau.so.6.0.0
7fc784605000-7fc784606000 rw-p 00003000 08:01 3809381                    /usr/lib/x86_64-linux-gnu/libXau.so.6.0.0
7fc784606000-7fc784623000 r-xp 00000000 08:01 3810373                    /usr/lib/x86_64-linux-gnu/libxcb.so.1.1.0
7fc784623000-7fc784823000 ---p 0001d000 08:01 3810373                    /usr/lib/x86_64-linux-gnu/libxcb.so.1.1.0
7fc784823000-7fc784824000 r--p 0001d000 08:01 3810373                    /usr/lib/x86_64-linux-gnu/libxcb.so.1.1.0
7fc784824000-7fc784825000 rw-p 0001e000 08:01 3810373                    /usr/lib/x86_64-linux-gnu/libxcb.so.1.1.0
7fc784825000-7fc784834000 r-xp 00000000 08:01 3809402                    /usr/lib/x86_64-linux-gnu/libXi.so.6.1.0
7fc784834000-7fc784a33000 ---p 0000f000 08:01 3809402                    /usr/lib/x86_64-linux-gnu/libXi.so.6.1.0
7fc784a33000-7fc784a34000 r--p 0000e000 08:01 3809402                    /usr/lib/x86_64-linux-gnu/libXi.so.6.1.0
7fc784a34000-7fc784a35000 rw-p 0000f000 08:01 3809402                    /usr/lib/x86_64-linux-gnu/libXi.so.6.1.0
7fc784a35000-7fc784a3a000 r-xp 00000000 08:01 3809420                    /usr/lib/x86_64-linux-gnu/libXtst.so.6.1.0
7fc784a3a000-7fc784c39000 ---p 00005000 08:01 3809420                    /usr/lib/x86_64-linux-gnu/libXtst.so.6.1.0
7fc784c39000-7fc784c3a000 r--p 00004000 08:01 3809420                    /usr/lib/x86_64-linux-gnu/libXtst.so.6.1.0
7fc784c3a000-7fc784c3b000 rw-p 00005000 08:01 3809420                    /usr/lib/x86_64-linux-gnu/libXtst.so.6.1.0
7fc784c3b000-7fc784c44000 r-xp 00000000 08:01 3809395                    /usr/lib/x86_64-linux-gnu/libXrender.so.1.3.0
7fc784c44000-7fc784e43000 ---p 00009000 08:01 3809395                    /usr/lib/x86_64-linux-gnu/libXrender.so.1.3.0
7fc784e43000-7fc784e44000 r--p 00008000 08:01 3809395                    /usr/lib/x86_64-linux-gnu/libXrender.so.1.3.0
7fc784e44000-7fc784e45000 rw-p 00009000 08:01 3809395                    /usr/lib/x86_64-linux-gnu/libXrender.so.1.3.0
7fc784e45000-7fc784f75000 r-xp 00000000 08:01 3809377                    /usr/lib/x86_64-linux-gnu/libX11.so.6.3.0
7fc784f75000-7fc785175000 ---p 00130000 08:01 3809377                    /usr/lib/x86_64-linux-gnu/libX11.so.6.3.0
7fc785175000-7fc785176000 r--p 00130000 08:01 3809377                    /usr/lib/x86_64-linux-gnu/libX11.so.6.3.0
7fc785176000-7fc78517a000 rw-p 00131000 08:01 3809377                    /usr/lib/x86_64-linux-gnu/libX11.so.6.3.0
7fc78517a000-7fc78518b000 r-xp 00000000 08:01 3810539                    /usr/lib/x86_64-linux-gnu/libXext.so.6.4.0
7fc78518b000-7fc78538a000 ---p 00011000 08:01 3810539                    /usr/lib/x86_64-linux-gnu/libXext.so.6.4.0
7fc78538a000-7fc78538b000 r--p 00010000 08:01 3810539                    /usr/lib/x86_64-linux-gnu/libXext.so.6.4.0
7fc78538b000-7fc78538c000 rw-p 00011000 08:01 3810539                    /usr/lib/x86_64-linux-gnu/libXext.so.6.4.0
7fc7853a3000-7fc7853f3000 r-xp 00000000 08:01 3940179                    /usr/lib/jvm/java-7-oracle/jre/lib/amd64/xawt/libmawt.so
7fc7853f3000-7fc7855f3000 ---p 00050000 08:01 3940179                    /usr/lib/jvm/java-7-oracle/jre/lib/amd64/xawt/libmawt.so
7fc7855f3000-7fc7855f7000 rw-p 00050000 08:01 3940179                    /usr/lib/jvm/java-7-oracle/jre/lib/amd64/xawt/libmawt.so
7fc7855f7000-7fc7855f8000 rw-p 00000000 00:00 0 
7fc7855f8000-7fc78569a000 r-xp 00000000 08:01 3940204                    /usr/lib/jvm/java-7-oracle/jre/lib/amd64/libawt.so
7fc78569a000-7fc78589a000 ---p 000a2000 08:01 3940204                    /usr/lib/jvm/java-7-oracle/jre/lib/amd64/libawt.so
7fc78589a000-7fc7858a6000 rw-p 000a2000 08:01 3940204                    /usr/lib/jvm/java-7-oracle/jre/lib/amd64/libawt.so
7fc7858a6000-7fc7858ca000 rw-p 00000000 00:00 0 
7fc7858ca000-7fc7858cb000 ---p 00000000 00:00 0 
7fc7858cb000-7fc7859cb000 rw-p 00000000 00:00 0                          [stack:12566]
7fc7859cb000-7fc7859ce000 ---p 00000000 00:00 0 
7fc7859ce000-7fc785acc000 rw-p 00000000 00:00 0                          [stack:12565]
7fc785acc000-7fc785acf000 ---p 00000000 00:00 0 
7fc785acf000-7fc785bcd000 rw-p 00000000 00:00 0                          [stack:12564]
7fc785bcd000-7fc785bd0000 ---p 00000000 00:00 0 
7fc785bd0000-7fc785cce000 rw-p 00000000 00:00 0                          [stack:12563]
7fc785cce000-7fc785cd1000 ---p 00000000 00:00 0 
7fc785cd1000-7fc785dcf000 rw-p 00000000 00:00 0                          [stack:12562]
7fc785dcf000-7fc7861ce000 r--p 00000000 08:01 3805416                    /usr/lib/locale/locale-archive
7fc7861ce000-7fc7861d1000 ---p 00000000 00:00 0 
7fc7861d1000-7fc7862cf000 rw-p 00000000 00:00 0                          [stack:12561]
7fc7862cf000-7fc7862d2000 ---p 00000000 00:00 0 
7fc7862d2000-7fc7863d0000 rw-p 00000000 00:00 0                          [stack:12559]
7fc7863d0000-7fc7863d1000 ---p 00000000 00:00 0 
7fc7863d1000-7fc789000000 rw-p 00000000 00:00 0                          [stack:12558]
7fc789000000-7fc789270000 rwxp 00000000 00:00 0 
7fc789270000-7fc78c2c1000 rw-p 00000000 00:00 0 
7fc78c2c1000-7fc790000000 ---p 00000000 00:00 0 
7fc79000a000-7fc79000f000 rw-s 00000000 00:04 39288939                   /SYSV00000000 (deleted)
7fc790013000-7fc790563000 rw-p 00000000 00:00 0 
7fc790563000-7fc790723000 r--s 039fb000 08:01 3802792                    /usr/lib/jvm/java-7-oracle/jre/lib/rt.jar
7fc790723000-7fc790a24000 rw-p 00000000 00:00 0 
7fc790a24000-7fc790a25000 ---p 00000000 00:00 0 
7fc790a25000-7fc790b25000 rw-p 00000000 00:00 0                          [stack:12557]
7fc790b25000-7fc790b26000 ---p 00000000 00:00 0 
7fc790b26000-7fc790c26000 rw-p 00000000 00:00 0                          [stack:12556]
7fc790c26000-7fc790c27000 ---p 00000000 00:00 0 
7fc790c27000-7fc790d27000 rw-p 00000000 00:00 0                          [stack:12555]
7fc790d27000-7fc790d28000 ---p 00000000 00:00 0 
7fc790d28000-7fc790e33000 rw-p 00000000 00:00 0                          [stack:12554]
7fc790e33000-7fc790e51000 rw-p 00000000 00:00 0 
7fc790e51000-7fc790e65000 rw-p 00000000 00:00 0 
7fc790e65000-7fc790f91000 rw-p 00000000 00:00 0 
7fc790f91000-7fc790f9c000 rw-p 00000000 00:00 0 
7fc790f9c000-7fc790fba000 rw-p 00000000 00:00 0 
7fc790fba000-7fc790fce000 rw-p 00000000 00:00 0 
7fc790fce000-7fc7910f9000 rw-p 00000000 00:00 0 
7fc7910f9000-7fc79115e000 rw-p 00000000 00:00 0 
7fc79115e000-7fc791199000 rw-p 00000000 00:00 0 
7fc791199000-7fc79119a000 rw-p 00000000 00:00 0 
7fc79119a000-7fc7911b1000 r-xp 00000000 08:01 3940174                    /usr/lib/jvm/java-7-oracle/jre/lib/amd64/libzip.so
7fc7911b1000-7fc7913b1000 ---p 00017000 08:01 3940174                    /usr/lib/jvm/java-7-oracle/jre/lib/amd64/libzip.so
7fc7913b1000-7fc7913b2000 rw-p 00017000 08:01 3940174                    /usr/lib/jvm/java-7-oracle/jre/lib/amd64/libzip.so
7fc7913b2000-7fc7913bd000 r-xp 00000000 08:01 397364                     /lib/x86_64-linux-gnu/libnss_files-2.19.so
7fc7913bd000-7fc7915bc000 ---p 0000b000 08:01 397364                     /lib/x86_64-linux-gnu/libnss_files-2.19.so
7fc7915bc000-7fc7915bd000 r--p 0000a000 08:01 397364                     /lib/x86_64-linux-gnu/libnss_files-2.19.so
7fc7915bd000-7fc7915be000 rw-p 0000b000 08:01 397364                     /lib/x86_64-linux-gnu/libnss_files-2.19.so
7fc7915be000-7fc7915c9000 r-xp 00000000 08:01 397374                     /lib/x86_64-linux-gnu/libnss_nis-2.19.so
7fc7915c9000-7fc7917c8000 ---p 0000b000 08:01 397374                     /lib/x86_64-linux-gnu/libnss_nis-2.19.so
7fc7917c8000-7fc7917c9000 r--p 0000a000 08:01 397374                     /lib/x86_64-linux-gnu/libnss_nis-2.19.so
7fc7917c9000-7fc7917ca000 rw-p 0000b000 08:01 397374                     /lib/x86_64-linux-gnu/libnss_nis-2.19.so
7fc7917ca000-7fc7917e1000 r-xp 00000000 08:01 397358                     /lib/x86_64-linux-gnu/libnsl-2.19.so
7fc7917e1000-7fc7919e0000 ---p 00017000 08:01 397358                     /lib/x86_64-linux-gnu/libnsl-2.19.so
7fc7919e0000-7fc7919e1000 r--p 00016000 08:01 397358                     /lib/x86_64-linux-gnu/libnsl-2.19.so
7fc7919e1000-7fc7919e2000 rw-p 00017000 08:01 397358                     /lib/x86_64-linux-gnu/libnsl-2.19.so
7fc7919e2000-7fc7919e4000 rw-p 00000000 00:00 0 
7fc7919e4000-7fc7919ed000 r-xp 00000000 08:01 397360                     /lib/x86_64-linux-gnu/libnss_compat-2.19.so
7fc7919ed000-7fc791bec000 ---p 00009000 08:01 397360                     /lib/x86_64-linux-gnu/libnss_compat-2.19.so
7fc791bec000-7fc791bed000 r--p 00008000 08:01 397360                     /lib/x86_64-linux-gnu/libnss_compat-2.19.so
7fc791bed000-7fc791bee000 rw-p 00009000 08:01 397360                     /lib/x86_64-linux-gnu/libnss_compat-2.19.so
7fc791bee000-7fc791c17000 r-xp 00000000 08:01 3940175                    /usr/lib/jvm/java-7-oracle/jre/lib/amd64/libjava.so
7fc791c17000-7fc791e17000 ---p 00029000 08:01 3940175                    /usr/lib/jvm/java-7-oracle/jre/lib/amd64/libjava.so
7fc791e17000-7fc791e19000 rw-p 00029000 08:01 3940175                    /usr/lib/jvm/java-7-oracle/jre/lib/amd64/libjava.so
7fc791e19000-7fc791e26000 r-xp 00000000 08:01 3940210                    /usr/lib/jvm/java-7-oracle/jre/lib/amd64/libverify.so
7fc791e26000-7fc792025000 ---p 0000d000 08:01 3940210                    /usr/lib/jvm/java-7-oracle/jre/lib/amd64/libverify.so
7fc792025000-7fc792027000 rw-p 0000c000 08:01 3940210                    /usr/lib/jvm/java-7-oracle/jre/lib/amd64/libverify.so
7fc792027000-7fc79202e000 r-xp 00000000 08:01 397417                     /lib/x86_64-linux-gnu/librt-2.19.so
7fc79202e000-7fc79222d000 ---p 00007000 08:01 397417                     /lib/x86_64-linux-gnu/librt-2.19.so
7fc79222d000-7fc79222e000 r--p 00006000 08:01 397417                     /lib/x86_64-linux-gnu/librt-2.19.so
7fc79222e000-7fc79222f000 rw-p 00007000 08:01 397417                     /lib/x86_64-linux-gnu/librt-2.19.so
7fc79222f000-7fc792334000 r-xp 00000000 08:01 397339                     /lib/x86_64-linux-gnu/libm-2.19.so
7fc792334000-7fc792533000 ---p 00105000 08:01 397339                     /lib/x86_64-linux-gnu/libm-2.19.so
7fc792533000-7fc792534000 r--p 00104000 08:01 397339                     /lib/x86_64-linux-gnu/libm-2.19.so
7fc792534000-7fc792535000 rw-p 00105000 08:01 397339                     /lib/x86_64-linux-gnu/libm-2.19.so
7fc792535000-7fc7930ab000 r-xp 00000000 08:01 3940189                    /usr/lib/jvm/java-7-oracle/jre/lib/amd64/server/libjvm.so
7fc7930ab000-7fc7932aa000 ---p 00b76000 08:01 3940189                    /usr/lib/jvm/java-7-oracle/jre/lib/amd64/server/libjvm.so
7fc7932aa000-7fc79336e000 rw-p 00b75000 08:01 3940189                    /usr/lib/jvm/java-7-oracle/jre/lib/amd64/server/libjvm.so
7fc79336e000-7fc7933af000 rw-p 00000000 00:00 0 
7fc7933af000-7fc79356a000 r-xp 00000000 08:01 397289                     /lib/x86_64-linux-gnu/libc-2.19.so
7fc79356a000-7fc793769000 ---p 001bb000 08:01 397289                     /lib/x86_64-linux-gnu/libc-2.19.so
7fc793769000-7fc79376d000 r--p 001ba000 08:01 397289                     /lib/x86_64-linux-gnu/libc-2.19.so
7fc79376d000-7fc79376f000 rw-p 001be000 08:01 397289                     /lib/x86_64-linux-gnu/libc-2.19.so
7fc79376f000-7fc793774000 rw-p 00000000 00:00 0 
7fc793774000-7fc793777000 r-xp 00000000 08:01 397306                     /lib/x86_64-linux-gnu/libdl-2.19.so
7fc793777000-7fc793976000 ---p 00003000 08:01 397306                     /lib/x86_64-linux-gnu/libdl-2.19.so
7fc793976000-7fc793977000 r--p 00002000 08:01 397306                     /lib/x86_64-linux-gnu/libdl-2.19.so
7fc793977000-7fc793978000 rw-p 00003000 08:01 397306                     /lib/x86_64-linux-gnu/libdl-2.19.so
7fc793978000-7fc79398d000 r-xp 00000000 08:01 4073992                    /usr/lib/jvm/java-7-oracle/lib/amd64/jli/libjli.so
7fc79398d000-7fc793b8c000 ---p 00015000 08:01 4073992                    /usr/lib/jvm/java-7-oracle/lib/amd64/jli/libjli.so
7fc793b8c000-7fc793b8d000 rw-p 00014000 08:01 4073992                    /usr/lib/jvm/java-7-oracle/lib/amd64/jli/libjli.so
7fc793b8d000-7fc793ba6000 r-xp 00000000 08:01 397409                     /lib/x86_64-linux-gnu/libpthread-2.19.so
7fc793ba6000-7fc793da5000 ---p 00019000 08:01 397409                     /lib/x86_64-linux-gnu/libpthread-2.19.so
7fc793da5000-7fc793da6000 r--p 00018000 08:01 397409                     /lib/x86_64-linux-gnu/libpthread-2.19.so
7fc793da6000-7fc793da7000 rw-p 00019000 08:01 397409                     /lib/x86_64-linux-gnu/libpthread-2.19.so
7fc793da7000-7fc793dab000 rw-p 00000000 00:00 0 
7fc793dab000-7fc793dce000 r-xp 00000000 08:01 397265                     /lib/x86_64-linux-gnu/ld-2.19.so
7fc793dd0000-7fc793dda000 r--s 00253000 08:01 3802760                    /usr/lib/jvm/java-7-oracle/jre/lib/resources.jar
7fc793dda000-7fc793df9000 rw-p 00000000 00:00 0 
7fc793df9000-7fc793eaf000 rw-p 00000000 00:00 0 
7fc793eaf000-7fc793eb2000 ---p 00000000 00:00 0 
7fc793eb2000-7fc793fb4000 rw-p 00000000 00:00 0                          [stack:12553]
7fc793fb5000-7fc793fb6000 rw-p 00000000 00:00 0 
7fc793fb6000-7fc793fc1000 r--s 0037c000 08:01 3802770                    /usr/lib/jvm/java-7-oracle/jre/lib/charsets.jar
7fc793fc1000-7fc793fc9000 rw-s 00000000 08:01 4987974                    /tmp/hsperfdata_leandro/12548
7fc793fc9000-7fc793fca000 rw-p 00000000 00:00 0 
7fc793fca000-7fc793fcb000 ---p 00000000 00:00 0 
7fc793fcb000-7fc793fcd000 rw-p 00000000 00:00 0 
7fc793fcd000-7fc793fce000 r--p 00022000 08:01 397265                     /lib/x86_64-linux-gnu/ld-2.19.so
7fc793fce000-7fc793fcf000 rw-p 00023000 08:01 397265                     /lib/x86_64-linux-gnu/ld-2.19.so
7fc793fcf000-7fc793fd0000 rw-p 00000000 00:00 0 
7ffebae66000-7ffebae87000 rw-p 00000000 00:00 0                          [stack]
7ffebafa8000-7ffebafaa000 r-xp 00000000 00:00 0                          [vdso]
7ffebafaa000-7ffebafac000 r--p 00000000 00:00 0                          [vvar]
ffffffffff600000-ffffffffff601000 r-xp 00000000 00:00 0                  [vsyscall]

VM Arguments:
jvm_args: -Dfile.encoding=UTF-8 
java_command: main
Launcher Type: SUN_STANDARD

Environment Variables:
PATH=/usr/local/sbin:/usr/local/bin:/usr/sbin:/usr/bin:/sbin:/bin:/usr/games:/usr/local/games
SHELL=/bin/bash
DISPLAY=:0

Signal Handlers:
SIGSEGV: [libjvm.so+0x9a3b20], sa_mask[0]=0x7ffbfeff, sa_flags=0x10000004
SIGBUS: [libjvm.so+0x9a3b20], sa_mask[0]=0x7ffbfeff, sa_flags=0x10000004
SIGFPE: [libjvm.so+0x81e740], sa_mask[0]=0x7ffbfeff, sa_flags=0x10000004
SIGPIPE: [libjvm.so+0x81e740], sa_mask[0]=0x7ffbfeff, sa_flags=0x10000004
SIGXFSZ: [libjvm.so+0x81e740], sa_mask[0]=0x7ffbfeff, sa_flags=0x10000004
SIGILL: [libjvm.so+0x81e740], sa_mask[0]=0x7ffbfeff, sa_flags=0x10000004
SIGUSR1: SIG_DFL, sa_mask[0]=0x00000000, sa_flags=0x00000000
SIGUSR2: [libjvm.so+0x81ffb0], sa_mask[0]=0x00000004, sa_flags=0x10000004
SIGHUP: [libjvm.so+0x8210d0], sa_mask[0]=0x7ffbfeff, sa_flags=0x10000004
SIGINT: [libjvm.so+0x8210d0], sa_mask[0]=0x7ffbfeff, sa_flags=0x10000004
SIGTERM: [libjvm.so+0x8210d0], sa_mask[0]=0x7ffbfeff, sa_flags=0x10000004
SIGQUIT: [libjvm.so+0x8210d0], sa_mask[0]=0x7ffbfeff, sa_flags=0x10000004


---------------  S Y S T E M  ---------------

OS:jessie/sid

uname:Linux 3.16.0-38-generic #52~14.04.1-Ubuntu SMP Fri May 8 09:43:57 UTC 2015 x86_64
libc:glibc 2.19 NPTL 2.19 
rlimit: STACK 8192k, CORE 0k, NPROC 15208, NOFILE 4096, AS infinity
load average:1,85 1,73 1,75

/proc/meminfo:
MemTotal:        3923632 kB
MemFree:          107148 kB
MemAvailable:      57080 kB
Buffers:            1128 kB
Cached:           306696 kB
SwapCached:        28244 kB
Active:          2571908 kB
Inactive:         969640 kB
Active(anon):    2550844 kB
Inactive(anon):   950888 kB
Active(file):      21064 kB
Inactive(file):    18752 kB
Unevictable:         180 kB
Mlocked:             180 kB
SwapTotal:       4068348 kB
SwapFree:              0 kB
Dirty:               792 kB
Writeback:             0 kB
AnonPages:       3207656 kB
Mapped:            91912 kB
Shmem:            267264 kB
Slab:              78584 kB
SReclaimable:      28984 kB
SUnreclaim:        49600 kB
KernelStack:       41984 kB
PageTables:        86524 kB
NFS_Unstable:          0 kB
Bounce:                0 kB
WritebackTmp:          0 kB
CommitLimit:     6030164 kB
Committed_AS:   24857220 kB
VmallocTotal:   34359738367 kB
VmallocUsed:      350168 kB
VmallocChunk:   34359356480 kB
HardwareCorrupted:     0 kB
AnonHugePages:   1265664 kB
HugePages_Total:       0
HugePages_Free:        0
HugePages_Rsvd:        0
HugePages_Surp:        0
Hugepagesize:       2048 kB
DirectMap4k:       80612 kB
DirectMap2M:     3989504 kB


CPU:total 4 (4 cores per cpu, 1 threads per core) family 6 model 55 stepping 8, cmov, cx8, fxsr, mmx, sse, sse2, sse3, ssse3, sse4.1, sse4.2, popcnt, erms, tsc, tscinvbit

/proc/cpuinfo:
processor	: 0
vendor_id	: GenuineIntel
cpu family	: 6
model		: 55
model name	: Intel(R) Celeron(R) CPU  N2930  @ 1.83GHz
stepping	: 8
microcode	: 0x809
cpu MHz		: 2165.832
cache size	: 1024 KB
physical id	: 0
siblings	: 4
core id		: 0
cpu cores	: 4
apicid		: 0
initial apicid	: 0
fpu		: yes
fpu_exception	: yes
cpuid level	: 11
wp		: yes
flags		: fpu vme de pse tsc msr pae mce cx8 apic sep mtrr pge mca cmov pat pse36 clflush dts acpi mmx fxsr sse sse2 ss ht tm pbe syscall nx rdtscp lm constant_tsc arch_perfmon pebs bts rep_good nopl xtopology nonstop_tsc aperfmperf pni pclmulqdq dtes64 monitor ds_cpl vmx est tm2 ssse3 cx16 xtpr pdcm sse4_1 sse4_2 movbe popcnt tsc_deadline_timer rdrand lahf_lm 3dnowprefetch ida arat epb dtherm tpr_shadow vnmi flexpriority ept vpid tsc_adjust smep erms
bogomips	: 3660.80
clflush size	: 64
cache_alignment	: 64
address sizes	: 36 bits physical, 48 bits virtual
power management:

processor	: 1
vendor_id	: GenuineIntel
cpu family	: 6
model		: 55
model name	: Intel(R) Celeron(R) CPU  N2930  @ 1.83GHz
stepping	: 8
microcode	: 0x809
cpu MHz		: 2165.760
cache size	: 1024 KB
physical id	: 0
siblings	: 4
core id		: 1
cpu cores	: 4
apicid		: 2
initial apicid	: 2
fpu		: yes
fpu_exception	: yes
cpuid level	: 11
wp		: yes
flags		: fpu vme de pse tsc msr pae mce cx8 apic sep mtrr pge mca cmov pat pse36 clflush dts acpi mmx fxsr sse sse2 ss ht tm pbe syscall nx rdtscp lm constant_tsc arch_perfmon pebs bts rep_good nopl xtopology nonstop_tsc aperfmperf pni pclmulqdq dtes64 monitor ds_cpl vmx est tm2 ssse3 cx16 xtpr pdcm sse4_1 sse4_2 movbe popcnt tsc_deadline_timer rdrand lahf_lm 3dnowprefetch ida arat epb dtherm tpr_shadow vnmi flexpriority ept vpid tsc_adjust smep erms
bogomips	: 3660.80
clflush size	: 64
cache_alignment	: 64
address sizes	: 36 bits physical, 48 bits virtual
power management:

processor	: 2
vendor_id	: GenuineIntel
cpu family	: 6
model		: 55
model name	: Intel(R) Celeron(R) CPU  N2930  @ 1.83GHz
stepping	: 8
microcode	: 0x809
cpu MHz		: 2165.975
cache size	: 1024 KB
physical id	: 0
siblings	: 4
core id		: 2
cpu cores	: 4
apicid		: 4
initial apicid	: 4
fpu		: yes
fpu_exception	: yes
cpuid level	: 11
wp		: yes
flags		: fpu vme de pse tsc msr pae mce cx8 apic sep mtrr pge mca cmov pat pse36 clflush dts acpi mmx fxsr sse sse2 ss ht tm pbe syscall nx rdtscp lm constant_tsc arch_perfmon pebs bts rep_good nopl xtopology nonstop_tsc aperfmperf pni pclmulqdq dtes64 monitor ds_cpl vmx est tm2 ssse3 cx16 xtpr pdcm sse4_1 sse4_2 movbe popcnt tsc_deadline_timer rdrand lahf_lm 3dnowprefetch ida arat epb dtherm tpr_shadow vnmi flexpriority ept vpid tsc_adjust smep erms
bogomips	: 3660.80
clflush size	: 64
cache_alignment	: 64
address sizes	: 36 bits physical, 48 bits virtual
power management:

processor	: 3
vendor_id	: GenuineIntel
cpu family	: 6
model		: 55
model name	: Intel(R) Celeron(R) CPU  N2930  @ 1.83GHz
stepping	: 8
microcode	: 0x809
cpu MHz		: 2165.832
cache size	: 1024 KB
physical id	: 0
siblings	: 4
core id		: 3
cpu cores	: 4
apicid		: 6
initial apicid	: 6
fpu		: yes
fpu_exception	: yes
cpuid level	: 11
wp		: yes
flags		: fpu vme de pse tsc msr pae mce cx8 apic sep mtrr pge mca cmov pat pse36 clflush dts acpi mmx fxsr sse sse2 ss ht tm pbe syscall nx rdtscp lm constant_tsc arch_perfmon pebs bts rep_good nopl xtopology nonstop_tsc aperfmperf pni pclmulqdq dtes64 monitor ds_cpl vmx est tm2 ssse3 cx16 xtpr pdcm sse4_1 sse4_2 movbe popcnt tsc_deadline_timer rdrand lahf_lm 3dnowprefetch ida arat epb dtherm tpr_shadow vnmi flexpriority ept vpid tsc_adjust smep erms
bogomips	: 3660.80
clflush size	: 64
cache_alignment	: 64
address sizes	: 36 bits physical, 48 bits virtual
power management:



Memory: 4k page, physical 3923632k(107148k free), swap 4068348k(0k free)

vm_info: Java HotSpot(TM) 64-Bit Server VM (24.80-b11) for linux-amd64 JRE (1.7.0_80-b15), built on Apr 10 2015 19:53:14 by "java_re" with gcc 4.3.0 20080428 (Red Hat 4.3.0-8)

time: Tue Jun  2 22:40:06 2015
elapsed time: 16 seconds

